# JRE version: Java(TM) SE Runtime Environment (8.0_20-b26) (build 1.8.0_20-b26)
# Java VM: Java HotSpot(TM) 64-Bit Server VM (25.20-b23 mixed mode windows-amd64 compressed oops)
Heap:
 PSYoungGen      total 209920K, used 209898K [0x000000076ab00000, 0x000000077d900000, 0x00000007c0000000)
  eden space 184832K, 100% used [0x000000076ab00000,0x0000000775f80000,0x0000000775f80000)
  from space 25088K, 99% used [0x000000077c080000,0x000000077d8fa8b0,0x000000077d900000)
  to   space 31744K, 99% used [0x0000000779b00000,0x000000077b9faed8,0x000000077ba00000)
 ParOldGen       total 84480K, used 55312K [0x00000006c0000000, 0x00000006c5280000, 0x000000076ab00000)
  object space 84480K, 65% used [0x00000006c0000000,0x00000006c3608320,0x00000006c5280000)
 Metaspace       used 6499K, capacity 7320K, committed 7680K, reserved 1056768K
  class space    used 615K, capacity 656K, committed 768K, reserved 1048576K
GC Heap History (10 events):
Event: 8.752 GC heap before
{Heap before GC invocations=5 (full 0):
 PSYoungGen      total 68096K, used 68078K [0x000000076ab00000, 0x000000076f000000, 0x00000007c0000000)
  eden space 65536K, 100% used [0x000000076ab00000,0x000000076eb00000,0x000000076eb00000)
  from space 2560K, 99% used [0x000000076ed80000,0x000000076effb8c8,0x000000076f000000)
  to   space 2560K, 0% used [0x000000076eb00000,0x000000076eb00000,0x000000076ed80000)
 ParOldGen       total 44032K, used 17312K [0x00000006c0000000, 0x00000006c2b00000, 0x000000076ab00000)
  object space 44032K, 39% used [0x00000006c0000000,0x00000006c10e8160,0x00000006c2b00000)
 Metaspace       used 6428K, capacity 7256K, committed 7424K, reserved 1056768K
  class space    used 615K, capacity 656K, committed 768K, reserved 1048576K
Event: 8.780 GC heap after
Heap after GC invocations=5 (full 0):
 PSYoungGen      total 68096K, used 2548K [0x000000076ab00000, 0x0000000774500000, 0x00000007c0000000)
  eden space 65536K, 0% used [0x000000076ab00000,0x000000076ab00000,0x000000076eb00000)
  from space 2560K, 99% used [0x000000076eb00000,0x000000076ed7d030,0x000000076ed80000)
  to   space 13312K, 0% used [0x0000000773800000,0x0000000773800000,0x0000000774500000)
 ParOldGen       total 44032K, used 27644K [0x00000006c0000000, 0x00000006c2b00000, 0x000000076ab00000)
  object space 44032K, 62% used [0x00000006c0000000,0x00000006c1aff148,0x00000006c2b00000)
 Metaspace       used 6428K, capacity 7256K, committed 7424K, reserved 1056768K
  class space    used 615K, capacity 656K, committed 768K, reserved 1048576K
}
Event: 9.399 GC heap before
{Heap before GC invocations=6 (full 0):
 PSYoungGen      total 68096K, used 68084K [0x000000076ab00000, 0x0000000774500000, 0x00000007c0000000)
  eden space 65536K, 100% used [0x000000076ab00000,0x000000076eb00000,0x000000076eb00000)
  from space 2560K, 99% used [0x000000076eb00000,0x000000076ed7d030,0x000000076ed80000)
  to   space 13312K, 0% used [0x0000000773800000,0x0000000773800000,0x0000000774500000)
 ParOldGen       total 44032K, used 27644K [0x00000006c0000000, 0x00000006c2b00000, 0x000000076ab00000)
  object space 44032K, 62% used [0x00000006c0000000,0x00000006c1aff148,0x00000006c2b00000)
 Metaspace       used 6448K, capacity 7256K, committed 7424K, reserved 1056768K
  class space    used 615K, capacity 656K, committed 768K, reserved 1048576K
Event: 9.455 GC heap after
Heap after GC invocations=6 (full 0):
 PSYoungGen      total 142848K, used 12214K [0x000000076ab00000, 0x0000000774800000, 0x00000007c0000000)
  eden space 129536K, 0% used [0x000000076ab00000,0x000000076ab00000,0x0000000772980000)
  from space 13312K, 91% used [0x0000000773800000,0x00000007743eda40,0x0000000774500000)
  to   space 14848K, 0% used [0x0000000772980000,0x0000000772980000,0x0000000773800000)
 ParOldGen       total 44032K, used 27644K [0x00000006c0000000, 0x00000006c2b00000, 0x000000076ab00000)
  object space 44032K, 62% used [0x00000006c0000000,0x00000006c1aff148,0x00000006c2b00000)
 Metaspace       used 6448K, capacity 7256K, committed 7424K, reserved 1056768K
  class space    used 615K, capacity 656K, committed 768K, reserved 1048576K
}
Event: 10.769 GC heap before
{Heap before GC invocations=7 (full 0):
 PSYoungGen      total 142848K, used 141750K [0x000000076ab00000, 0x0000000774800000, 0x00000007c0000000)
  eden space 129536K, 100% used [0x000000076ab00000,0x0000000772980000,0x0000000772980000)
  from space 13312K, 91% used [0x0000000773800000,0x00000007743eda40,0x0000000774500000)
  to   space 14848K, 0% used [0x0000000772980000,0x0000000772980000,0x0000000773800000)
 ParOldGen       total 44032K, used 27644K [0x00000006c0000000, 0x00000006c2b00000, 0x000000076ab00000)
  object space 44032K, 62% used [0x00000006c0000000,0x00000006c1aff148,0x00000006c2b00000)
 Metaspace       used 6466K, capacity 7256K, committed 7424K, reserved 1056768K
  class space    used 615K, capacity 656K, committed 768K, reserved 1048576K
Event: 10.831 GC heap after
Heap after GC invocations=7 (full 0):
 PSYoungGen      total 144384K, used 14843K [0x000000076ab00000, 0x000000077d900000, 0x00000007c0000000)
  eden space 129536K, 0% used [0x000000076ab00000,0x000000076ab00000,0x0000000772980000)
  from space 14848K, 99% used [0x0000000772980000,0x00000007737fed50,0x0000000773800000)
  to   space 25088K, 0% used [0x000000077c080000,0x000000077c080000,0x000000077d900000)
 ParOldGen       total 44032K, used 42866K [0x00000006c0000000, 0x00000006c2b00000, 0x000000076ab00000)
  object space 44032K, 97% used [0x00000006c0000000,0x00000006c29dca20,0x00000006c2b00000)
 Metaspace       used 6466K, capacity 7256K, committed 7424K, reserved 1056768K
  class space    used 615K, capacity 656K, committed 768K, reserved 1048576K
}
Event: 10.831 GC heap before
{Heap before GC invocations=8 (full 1):
 PSYoungGen      total 144384K, used 14843K [0x000000076ab00000, 0x000000077d900000, 0x00000007c0000000)
  eden space 129536K, 0% used [0x000000076ab00000,0x000000076ab00000,0x0000000772980000)
  from space 14848K, 99% used [0x0000000772980000,0x00000007737fed50,0x0000000773800000)
  to   space 25088K, 0% used [0x000000077c080000,0x000000077c080000,0x000000077d900000)
 ParOldGen       total 44032K, used 42866K [0x00000006c0000000, 0x00000006c2b00000, 0x000000076ab00000)
  object space 44032K, 97% used [0x00000006c0000000,0x00000006c29dca20,0x00000006c2b00000)
 Metaspace       used 6466K, capacity 7256K, committed 7424K, reserved 1056768K
  class space    used 615K, capacity 656K, committed 768K, reserved 1048576K
Event: 11.542 GC heap after
Heap after GC invocations=8 (full 1):
 PSYoungGen      total 144384K, used 10196K [0x000000076ab00000, 0x000000077d900000, 0x00000007c0000000)
  eden space 129536K, 0% used [0x000000076ab00000,0x000000076ab00000,0x0000000772980000)
  from space 14848K, 68% used [0x0000000772980000,0x0000000773375058,0x0000000773800000)
  to   space 25088K, 0% used [0x000000077c080000,0x000000077c080000,0x000000077d900000)
 ParOldGen       total 84480K, used 43854K [0x00000006c0000000, 0x00000006c5280000, 0x000000076ab00000)
  object space 84480K, 51% used [0x00000006c0000000,0x00000006c2ad3ac8,0x00000006c5280000)
 Metaspace       used 6466K, capacity 7256K, committed 7424K, reserved 1056768K
  class space    used 615K, capacity 656K, committed 768K, reserved 1048576K
}
Event: 13.039 GC heap before
{Heap before GC invocations=9 (full 1):
 PSYoungGen      total 144384K, used 139732K [0x000000076ab00000, 0x000000077d900000, 0x00000007c0000000)
  eden space 129536K, 100% used [0x000000076ab00000,0x0000000772980000,0x0000000772980000)
  from space 14848K, 68% used [0x0000000772980000,0x0000000773375058,0x0000000773800000)
  to   space 25088K, 0% used [0x000000077c080000,0x000000077c080000,0x000000077d900000)
 ParOldGen       total 84480K, used 43854K [0x00000006c0000000, 0x00000006c5280000, 0x000000076ab00000)
  object space 84480K, 51% used [0x00000006c0000000,0x00000006c2ad3ac8,0x00000006c5280000)
 Metaspace       used 6489K, capacity 7256K, committed 7424K, reserved 1056768K
  class space    used 615K, capacity 656K, committed 768K, reserved 1048576K
Event: 13.156 GC heap after
Heap after GC invocations=9 (full 1):
 PSYoungGen      total 209920K, used 25066K [0x000000076ab00000, 0x000000077d900000, 0x00000007c0000000)
  eden space 184832K, 0% used [0x000000076ab00000,0x000000076ab00000,0x0000000775f80000)
  from space 25088K, 99% used [0x000000077c080000,0x000000077d8fa8b0,0x000000077d900000)
  to   space 31744K, 0% used [0x0000000779b00000,0x0000000779b00000,0x000000077ba00000)
 ParOldGen       total 84480K, used 49630K [0x00000006c0000000, 0x00000006c5280000, 0x000000076ab00000)
  object space 84480K, 58% used [0x00000006c0000000,0x00000006c3077ba8,0x00000006c5280000)
 Metaspace       used 6489K, capacity 7256K, committed 7424K, reserved 1056768K
  class space    used 615K, capacity 656K, committed 768K, reserved 1048576K
}

