# JRE version: Java(TM) SE Runtime Environment (8.0_20-b26) (build 1.8.0_20-b26)
# Java VM: Java HotSpot(TM) 64-Bit Server VM (25.20-b23 mixed mode windows-amd64 compressed oops)
Heap:
 PSYoungGen      total 229888K, used 67279K [0x00000000eab00000, 0x0000000100000000, 0x0000000100000000)
  eden space 167936K, 17% used [0x00000000eab00000,0x00000000ec7f0c88,0x00000000f4f00000)
  from space 61952K, 60% used [0x00000000fc380000,0x00000000fe8430b8,0x0000000100000000)
  to   space 90624K, 0% used [0x00000000f4f00000,0x00000000f4f00000,0x00000000fa780000)
 ParOldGen       total 235008K, used 142736K [0x00000000c0000000, 0x00000000ce580000, 0x00000000eab00000)
  object space 235008K, 60% used [0x00000000c0000000,0x00000000c8b64258,0x00000000ce580000)
 Metaspace       used 6460K, capacity 7256K, committed 7424K, reserved 1056768K
  class space    used 614K, capacity 656K, committed 768K, reserved 1048576K
GC Heap History (10 events):
Event: 20.922 GC heap before
{Heap before GC invocations=8 (full 1):
 PSYoungGen      total 145408K, used 16895K [0x00000000eab00000, 0x0000000100000000, 0x0000000100000000)
  eden space 128512K, 0% used [0x00000000eab00000,0x00000000eab00000,0x00000000f2880000)
  from space 16896K, 99% used [0x00000000f2880000,0x00000000f38ffec0,0x00000000f3900000)
  to   space 50176K, 0% used [0x00000000fcf00000,0x00000000fcf00000,0x0000000100000000)
 ParOldGen       total 80896K, used 80259K [0x00000000c0000000, 0x00000000c4f00000, 0x00000000eab00000)
  object space 80896K, 99% used [0x00000000c0000000,0x00000000c4e60e88,0x00000000c4f00000)
 Metaspace       used 6425K, capacity 7256K, committed 7424K, reserved 1056768K
  class space    used 612K, capacity 656K, committed 768K, reserved 1048576K
Event: 21.990 GC heap after
Heap after GC invocations=8 (full 1):
 PSYoungGen      total 145408K, used 12215K [0x00000000eab00000, 0x0000000100000000, 0x0000000100000000)
  eden space 128512K, 0% used [0x00000000eab00000,0x00000000eab00000,0x00000000f2880000)
  from space 16896K, 72% used [0x00000000f2880000,0x00000000f346dc60,0x00000000f3900000)
  to   space 50176K, 0% used [0x00000000fcf00000,0x00000000fcf00000,0x0000000100000000)
 ParOldGen       total 142848K, used 80646K [0x00000000c0000000, 0x00000000c8b80000, 0x00000000eab00000)
  object space 142848K, 56% used [0x00000000c0000000,0x00000000c4ec1810,0x00000000c8b80000)
 Metaspace       used 6425K, capacity 7256K, committed 7424K, reserved 1056768K
  class space    used 612K, capacity 656K, committed 768K, reserved 1048576K
}
Event: 22.619 GC heap before
{Heap before GC invocations=9 (full 1):
 PSYoungGen      total 145408K, used 140727K [0x00000000eab00000, 0x0000000100000000, 0x0000000100000000)
  eden space 128512K, 100% used [0x00000000eab00000,0x00000000f2880000,0x00000000f2880000)
  from space 16896K, 72% used [0x00000000f2880000,0x00000000f346dc60,0x00000000f3900000)
  to   space 50176K, 0% used [0x00000000fcf00000,0x00000000fcf00000,0x0000000100000000)
 ParOldGen       total 142848K, used 80646K [0x00000000c0000000, 0x00000000c8b80000, 0x00000000eab00000)
  object space 142848K, 56% used [0x00000000c0000000,0x00000000c4ec1810,0x00000000c8b80000)
 Metaspace       used 6442K, capacity 7256K, committed 7424K, reserved 1056768K
  class space    used 614K, capacity 656K, committed 768K, reserved 1048576K
Event: 22.821 GC heap after
Heap after GC invocations=9 (full 1):
 PSYoungGen      total 253440K, used 50147K [0x00000000eab00000, 0x0000000100000000, 0x0000000100000000)
  eden space 203264K, 0% used [0x00000000eab00000,0x00000000eab00000,0x00000000f7180000)
  from space 50176K, 99% used [0x00000000fcf00000,0x00000000ffff8d48,0x0000000100000000)
  to   space 61952K, 0% used [0x00000000f8700000,0x00000000f8700000,0x00000000fc380000)
 ParOldGen       total 142848K, used 83431K [0x00000000c0000000, 0x00000000c8b80000, 0x00000000eab00000)
  object space 142848K, 58% used [0x00000000c0000000,0x00000000c5179f10,0x00000000c8b80000)
 Metaspace       used 6442K, capacity 7256K, committed 7424K, reserved 1056768K
  class space    used 614K, capacity 656K, committed 768K, reserved 1048576K
}
Event: 23.436 GC heap before
{Heap before GC invocations=10 (full 1):
 PSYoungGen      total 253440K, used 253411K [0x00000000eab00000, 0x0000000100000000, 0x0000000100000000)
  eden space 203264K, 100% used [0x00000000eab00000,0x00000000f7180000,0x00000000f7180000)
  from space 50176K, 99% used [0x00000000fcf00000,0x00000000ffff8d48,0x0000000100000000)
  to   space 61952K, 0% used [0x00000000f8700000,0x00000000f8700000,0x00000000fc380000)
 ParOldGen       total 142848K, used 83431K [0x00000000c0000000, 0x00000000c8b80000, 0x00000000eab00000)
  object space 142848K, 58% used [0x00000000c0000000,0x00000000c5179f10,0x00000000c8b80000)
 Metaspace       used 6454K, capacity 7256K, committed 7424K, reserved 1056768K
  class space    used 614K, capacity 656K, committed 768K, reserved 1048576K
Event: 23.626 GC heap after
Heap after GC invocations=10 (full 1):
 PSYoungGen      total 287232K, used 61933K [0x00000000eab00000, 0x0000000100000000, 0x0000000100000000)
  eden space 225280K, 0% used [0x00000000eab00000,0x00000000eab00000,0x00000000f8700000)
  from space 61952K, 99% used [0x00000000f8700000,0x00000000fc37b4f8,0x00000000fc380000)
  to   space 61952K, 0% used [0x00000000fc380000,0x00000000fc380000,0x0000000100000000)
 ParOldGen       total 142848K, used 135103K [0x00000000c0000000, 0x00000000c8b80000, 0x00000000eab00000)
  object space 142848K, 94% used [0x00000000c0000000,0x00000000c83efd68,0x00000000c8b80000)
 Metaspace       used 6454K, capacity 7256K, committed 7424K, reserved 1056768K
  class space    used 614K, capacity 656K, committed 768K, reserved 1048576K
}
Event: 23.626 GC heap before
{Heap before GC invocations=11 (full 2):
 PSYoungGen      total 287232K, used 61933K [0x00000000eab00000, 0x0000000100000000, 0x0000000100000000)
  eden space 225280K, 0% used [0x00000000eab00000,0x00000000eab00000,0x00000000f8700000)
  from space 61952K, 99% used [0x00000000f8700000,0x00000000fc37b4f8,0x00000000fc380000)
  to   space 61952K, 0% used [0x00000000fc380000,0x00000000fc380000,0x0000000100000000)
 ParOldGen       total 142848K, used 135103K [0x00000000c0000000, 0x00000000c8b80000, 0x00000000eab00000)
  object space 142848K, 94% used [0x00000000c0000000,0x00000000c83efd68,0x00000000c8b80000)
 Metaspace       used 6454K, capacity 7256K, committed 7424K, reserved 1056768K
  class space    used 614K, capacity 656K, committed 768K, reserved 1048576K
Event: 25.342 GC heap after
Heap after GC invocations=11 (full 2):
 PSYoungGen      total 287232K, used 9038K [0x00000000eab00000, 0x0000000100000000, 0x0000000100000000)
  eden space 225280K, 0% used [0x00000000eab00000,0x00000000eab00000,0x00000000f8700000)
  from space 61952K, 14% used [0x00000000f8700000,0x00000000f8fd3bc0,0x00000000fc380000)
  to   space 61952K, 0% used [0x00000000fc380000,0x00000000fc380000,0x0000000100000000)
 ParOldGen       total 235008K, used 142336K [0x00000000c0000000, 0x00000000ce580000, 0x00000000eab00000)
  object space 235008K, 60% used [0x00000000c0000000,0x00000000c8b00258,0x00000000ce580000)
 Metaspace       used 6454K, capacity 7256K, committed 7424K, reserved 1056768K
  class space    used 614K, capacity 656K, committed 768K, reserved 1048576K
}
Event: 26.270 GC heap before
{Heap before GC invocations=12 (full 2):
 PSYoungGen      total 287232K, used 234318K [0x00000000eab00000, 0x0000000100000000, 0x0000000100000000)
  eden space 225280K, 100% used [0x00000000eab00000,0x00000000f8700000,0x00000000f8700000)
  from space 61952K, 14% used [0x00000000f8700000,0x00000000f8fd3bc0,0x00000000fc380000)
  to   space 61952K, 0% used [0x00000000fc380000,0x00000000fc380000,0x0000000100000000)
 ParOldGen       total 235008K, used 142336K [0x00000000c0000000, 0x00000000ce580000, 0x00000000eab00000)
  object space 235008K, 60% used [0x00000000c0000000,0x00000000c8b00258,0x00000000ce580000)
 Metaspace       used 6460K, capacity 7256K, committed 7424K, reserved 1056768K
  class space    used 614K, capacity 656K, committed 768K, reserved 1048576K
Event: 26.619 GC heap after
Heap after GC invocations=12 (full 2):
 PSYoungGen      total 229888K, used 37644K [0x00000000eab00000, 0x0000000100000000, 0x0000000100000000)
  eden space 167936K, 0% used [0x00000000eab00000,0x00000000eab00000,0x00000000f4f00000)
  from space 61952K, 60% used [0x00000000fc380000,0x00000000fe8430b8,0x0000000100000000)
  to   space 90624K, 0% used [0x00000000f4f00000,0x00000000f4f00000,0x00000000fa780000)
 ParOldGen       total 235008K, used 142736K [0x00000000c0000000, 0x00000000ce580000, 0x00000000eab00000)
  object space 235008K, 60% used [0x00000000c0000000,0x00000000c8b64258,0x00000000ce580000)
 Metaspace       used 6460K, capacity 7256K, committed 7424K, reserved 1056768K
  class space    used 614K, capacity 656K, committed 768K, reserved 1048576K
}

