# JRE version: Java(TM) SE Runtime Environment (8.0_20-b26) (build 1.8.0_20-b26)
# Java VM: Java HotSpot(TM) 64-Bit Server VM (25.20-b23 mixed mode windows-amd64 compressed oops)
Heap:
 PSYoungGen      total 224768K, used 120651K [0x000000076ab00000, 0x000000077ae80000, 0x00000007c0000000)
  eden space 190464K, 45% used [0x000000076ab00000,0x000000076ff55338,0x0000000776500000)
  from space 34304K, 99% used [0x0000000778d00000,0x000000077ae7d8f8,0x000000077ae80000)
  to   space 32256K, 0% used [0x0000000776500000,0x0000000776500000,0x0000000778480000)
 ParOldGen       total 146432K, used 90965K [0x00000006c0000000, 0x00000006c8f00000, 0x000000076ab00000)
  object space 146432K, 62% used [0x00000006c0000000,0x00000006c58d5640,0x00000006c8f00000)
 Metaspace       used 6514K, capacity 7320K, committed 7680K, reserved 1056768K
  class space    used 614K, capacity 656K, committed 768K, reserved 1048576K
GC Heap History (10 events):
Event: 3.525 GC heap before
{Heap before GC invocations=10 (full 1):
 PSYoungGen      total 143872K, used 17402K [0x000000076ab00000, 0x000000077a400000, 0x00000007c0000000)
  eden space 126464K, 0% used [0x000000076ab00000,0x000000076ab00000,0x0000000772680000)
  from space 17408K, 99% used [0x0000000772680000,0x000000077377eb20,0x0000000773780000)
  to   space 26112K, 0% used [0x0000000778a80000,0x0000000778a80000,0x000000077a400000)
 ParOldGen       total 44032K, used 43759K [0x00000006c0000000, 0x00000006c2b00000, 0x000000076ab00000)
  object space 44032K, 99% used [0x00000006c0000000,0x00000006c2abbe60,0x00000006c2b00000)
 Metaspace       used 6483K, capacity 7256K, committed 7424K, reserved 1056768K
  class space    used 614K, capacity 656K, committed 768K, reserved 1048576K
Event: 3.933 GC heap after
Heap after GC invocations=10 (full 1):
 PSYoungGen      total 143872K, used 13224K [0x000000076ab00000, 0x000000077a400000, 0x00000007c0000000)
  eden space 126464K, 0% used [0x000000076ab00000,0x000000076ab00000,0x0000000772680000)
  from space 17408K, 75% used [0x0000000772680000,0x000000077336a2f8,0x0000000773780000)
  to   space 26112K, 0% used [0x0000000778a80000,0x0000000778a80000,0x000000077a400000)
 ParOldGen       total 81408K, used 43653K [0x00000006c0000000, 0x00000006c4f80000, 0x000000076ab00000)
  object space 81408K, 53% used [0x00000006c0000000,0x00000006c2aa1450,0x00000006c4f80000)
 Metaspace       used 6483K, capacity 7256K, committed 7424K, reserved 1056768K
  class space    used 614K, capacity 656K, committed 768K, reserved 1048576K
}
Event: 4.531 GC heap before
{Heap before GC invocations=11 (full 1):
 PSYoungGen      total 143872K, used 139688K [0x000000076ab00000, 0x000000077a400000, 0x00000007c0000000)
  eden space 126464K, 100% used [0x000000076ab00000,0x0000000772680000,0x0000000772680000)
  from space 17408K, 75% used [0x0000000772680000,0x000000077336a2f8,0x0000000773780000)
  to   space 26112K, 0% used [0x0000000778a80000,0x0000000778a80000,0x000000077a400000)
 ParOldGen       total 81408K, used 43653K [0x00000006c0000000, 0x00000006c4f80000, 0x000000076ab00000)
  object space 81408K, 53% used [0x00000006c0000000,0x00000006c2aa1450,0x00000006c4f80000)
 Metaspace       used 6494K, capacity 7256K, committed 7424K, reserved 1056768K
  class space    used 614K, capacity 656K, committed 768K, reserved 1048576K
Event: 4.622 GC heap after
Heap after GC invocations=11 (full 1):
 PSYoungGen      total 183808K, used 26111K [0x000000076ab00000, 0x000000077a400000, 0x00000007c0000000)
  eden space 157696K, 0% used [0x000000076ab00000,0x000000076ab00000,0x0000000774500000)
  from space 26112K, 99% used [0x0000000778a80000,0x000000077a3ffd00,0x000000077a400000)
  to   space 32256K, 0% used [0x0000000776500000,0x0000000776500000,0x0000000778480000)
 ParOldGen       total 81408K, used 50759K [0x00000006c0000000, 0x00000006c4f80000, 0x000000076ab00000)
  object space 81408K, 62% used [0x00000006c0000000,0x00000006c3191d38,0x00000006c4f80000)
 Metaspace       used 6494K, capacity 7256K, committed 7424K, reserved 1056768K
  class space    used 614K, capacity 656K, committed 768K, reserved 1048576K
}
Event: 5.393 GC heap before
{Heap before GC invocations=12 (full 1):
 PSYoungGen      total 183808K, used 183807K [0x000000076ab00000, 0x000000077a400000, 0x00000007c0000000)
  eden space 157696K, 100% used [0x000000076ab00000,0x0000000774500000,0x0000000774500000)
  from space 26112K, 99% used [0x0000000778a80000,0x000000077a3ffd00,0x000000077a400000)
  to   space 32256K, 0% used [0x0000000776500000,0x0000000776500000,0x0000000778480000)
 ParOldGen       total 81408K, used 50759K [0x00000006c0000000, 0x00000006c4f80000, 0x000000076ab00000)
  object space 81408K, 62% used [0x00000006c0000000,0x00000006c3191d38,0x00000006c4f80000)
 Metaspace       used 6501K, capacity 7320K, committed 7680K, reserved 1056768K
  class space    used 614K, capacity 656K, committed 768K, reserved 1048576K
Event: 5.461 GC heap after
Heap after GC invocations=12 (full 1):
 PSYoungGen      total 222720K, used 23095K [0x000000076ab00000, 0x000000077ae80000, 0x00000007c0000000)
  eden space 190464K, 0% used [0x000000076ab00000,0x000000076ab00000,0x0000000776500000)
  from space 32256K, 71% used [0x0000000776500000,0x0000000777b8dcf8,0x0000000778480000)
  to   space 34304K, 0% used [0x0000000778d00000,0x0000000778d00000,0x000000077ae80000)
 ParOldGen       total 81408K, used 76338K [0x00000006c0000000, 0x00000006c4f80000, 0x000000076ab00000)
  object space 81408K, 93% used [0x00000006c0000000,0x00000006c4a8c8c8,0x00000006c4f80000)
 Metaspace       used 6501K, capacity 7320K, committed 7680K, reserved 1056768K
  class space    used 614K, capacity 656K, committed 768K, reserved 1048576K
}
Event: 5.461 GC heap before
{Heap before GC invocations=13 (full 2):
 PSYoungGen      total 222720K, used 23095K [0x000000076ab00000, 0x000000077ae80000, 0x00000007c0000000)
  eden space 190464K, 0% used [0x000000076ab00000,0x000000076ab00000,0x0000000776500000)
  from space 32256K, 71% used [0x0000000776500000,0x0000000777b8dcf8,0x0000000778480000)
  to   space 34304K, 0% used [0x0000000778d00000,0x0000000778d00000,0x000000077ae80000)
 ParOldGen       total 81408K, used 76338K [0x00000006c0000000, 0x00000006c4f80000, 0x000000076ab00000)
  object space 81408K, 93% used [0x00000006c0000000,0x00000006c4a8c8c8,0x00000006c4f80000)
 Metaspace       used 6501K, capacity 7320K, committed 7680K, reserved 1056768K
  class space    used 614K, capacity 656K, committed 768K, reserved 1048576K
Event: 6.094 GC heap after
Heap after GC invocations=13 (full 2):
 PSYoungGen      total 222720K, used 16288K [0x000000076ab00000, 0x000000077ae80000, 0x00000007c0000000)
  eden space 190464K, 0% used [0x000000076ab00000,0x000000076ab00000,0x0000000776500000)
  from space 32256K, 50% used [0x0000000776500000,0x00000007774e8198,0x0000000778480000)
  to   space 34304K, 0% used [0x0000000778d00000,0x0000000778d00000,0x000000077ae80000)
 ParOldGen       total 146432K, used 81285K [0x00000006c0000000, 0x00000006c8f00000, 0x000000076ab00000)
  object space 146432K, 55% used [0x00000006c0000000,0x00000006c4f616c0,0x00000006c8f00000)
 Metaspace       used 6501K, capacity 7320K, committed 7680K, reserved 1056768K
  class space    used 614K, capacity 656K, committed 768K, reserved 1048576K
}
Event: 7.161 GC heap before
{Heap before GC invocations=14 (full 2):
 PSYoungGen      total 222720K, used 206752K [0x000000076ab00000, 0x000000077ae80000, 0x00000007c0000000)
  eden space 190464K, 100% used [0x000000076ab00000,0x0000000776500000,0x0000000776500000)
  from space 32256K, 50% used [0x0000000776500000,0x00000007774e8198,0x0000000778480000)
  to   space 34304K, 0% used [0x0000000778d00000,0x0000000778d00000,0x000000077ae80000)
 ParOldGen       total 146432K, used 81285K [0x00000006c0000000, 0x00000006c8f00000, 0x000000076ab00000)
  object space 146432K, 55% used [0x00000006c0000000,0x00000006c4f616c0,0x00000006c8f00000)
 Metaspace       used 6512K, capacity 7320K, committed 7680K, reserved 1056768K
  class space    used 614K, capacity 656K, committed 768K, reserved 1048576K
Event: 7.327 GC heap after
Heap after GC invocations=14 (full 2):
 PSYoungGen      total 224768K, used 34294K [0x000000076ab00000, 0x000000077ae80000, 0x00000007c0000000)
  eden space 190464K, 0% used [0x000000076ab00000,0x000000076ab00000,0x0000000776500000)
  from space 34304K, 99% used [0x0000000778d00000,0x000000077ae7d8f8,0x000000077ae80000)
  to   space 32256K, 0% used [0x0000000776500000,0x0000000776500000,0x0000000778480000)
 ParOldGen       total 146432K, used 90965K [0x00000006c0000000, 0x00000006c8f00000, 0x000000076ab00000)
  object space 146432K, 62% used [0x00000006c0000000,0x00000006c58d5640,0x00000006c8f00000)
 Metaspace       used 6512K, capacity 7320K, committed 7680K, reserved 1056768K
  class space    used 614K, capacity 656K, committed 768K, reserved 1048576K
}

