# JRE version: Java(TM) SE Runtime Environment (8.0_20-b26) (build 1.8.0_20-b26)
# Java VM: Java HotSpot(TM) 64-Bit Server VM (25.20-b23 mixed mode windows-amd64 compressed oops)
Heap:
 PSYoungGen      total 142848K, used 89011K [0x00000000eab00000, 0x00000000f4c00000, 0x0000000100000000)
  eden space 128512K, 69% used [0x00000000eab00000,0x00000000f01ecda8,0x00000000f2880000)
  from space 14336K, 0% used [0x00000000f3900000,0x00000000f3900000,0x00000000f4700000)
  to   space 16896K, 0% used [0x00000000f2880000,0x00000000f2880000,0x00000000f3900000)
 ParOldGen       total 257024K, used 142779K [0x00000000c0000000, 0x00000000cfb00000, 0x00000000eab00000)
  object space 257024K, 55% used [0x00000000c0000000,0x00000000c8b6eee8,0x00000000cfb00000)
 Metaspace       used 6474K, capacity 7256K, committed 7424K, reserved 1056768K
  class space    used 614K, capacity 656K, committed 768K, reserved 1048576K
GC Heap History (10 events):
Event: 20.371 GC heap before
{Heap before GC invocations=9 (full 1):
 PSYoungGen      total 145408K, used 140716K [0x00000000eab00000, 0x00000000f4c00000, 0x0000000100000000)
  eden space 128512K, 100% used [0x00000000eab00000,0x00000000f2880000,0x00000000f2880000)
  from space 16896K, 72% used [0x00000000f2880000,0x00000000f346b208,0x00000000f3900000)
  to   space 14336K, 0% used [0x00000000f3900000,0x00000000f3900000,0x00000000f4700000)
 ParOldGen       total 172032K, used 101670K [0x00000000c0000000, 0x00000000ca800000, 0x00000000eab00000)
  object space 172032K, 59% used [0x00000000c0000000,0x00000000c6349a90,0x00000000ca800000)
 Metaspace       used 6447K, capacity 7256K, committed 7424K, reserved 1056768K
  class space    used 613K, capacity 656K, committed 768K, reserved 1048576K
Event: 20.440 GC heap after
Heap after GC invocations=9 (full 1):
 PSYoungGen      total 142848K, used 14320K [0x00000000eab00000, 0x00000000f4c00000, 0x0000000100000000)
  eden space 128512K, 0% used [0x00000000eab00000,0x00000000eab00000,0x00000000f2880000)
  from space 14336K, 99% used [0x00000000f3900000,0x00000000f46fc288,0x00000000f4700000)
  to   space 16896K, 0% used [0x00000000f2880000,0x00000000f2880000,0x00000000f3900000)
 ParOldGen       total 172032K, used 143637K [0x00000000c0000000, 0x00000000ca800000, 0x00000000eab00000)
  object space 172032K, 83% used [0x00000000c0000000,0x00000000c8c45728,0x00000000ca800000)
 Metaspace       used 6447K, capacity 7256K, committed 7424K, reserved 1056768K
  class space    used 613K, capacity 656K, committed 768K, reserved 1048576K
}
Event: 20.440 GC heap before
{Heap before GC invocations=10 (full 2):
 PSYoungGen      total 142848K, used 14320K [0x00000000eab00000, 0x00000000f4c00000, 0x0000000100000000)
  eden space 128512K, 0% used [0x00000000eab00000,0x00000000eab00000,0x00000000f2880000)
  from space 14336K, 99% used [0x00000000f3900000,0x00000000f46fc288,0x00000000f4700000)
  to   space 16896K, 0% used [0x00000000f2880000,0x00000000f2880000,0x00000000f3900000)
 ParOldGen       total 172032K, used 143637K [0x00000000c0000000, 0x00000000ca800000, 0x00000000eab00000)
  object space 172032K, 83% used [0x00000000c0000000,0x00000000c8c45728,0x00000000ca800000)
 Metaspace       used 6447K, capacity 7256K, committed 7424K, reserved 1056768K
  class space    used 613K, capacity 656K, committed 768K, reserved 1048576K
Event: 20.978 GC heap after
Heap after GC invocations=10 (full 2):
 PSYoungGen      total 142848K, used 0K [0x00000000eab00000, 0x00000000f4c00000, 0x0000000100000000)
  eden space 128512K, 0% used [0x00000000eab00000,0x00000000eab00000,0x00000000f2880000)
  from space 14336K, 0% used [0x00000000f3900000,0x00000000f3900000,0x00000000f4700000)
  to   space 16896K, 0% used [0x00000000f2880000,0x00000000f2880000,0x00000000f3900000)
 ParOldGen       total 250368K, used 155315K [0x00000000c0000000, 0x00000000cf480000, 0x00000000eab00000)
  object space 250368K, 62% used [0x00000000c0000000,0x00000000c97ace18,0x00000000cf480000)
 Metaspace       used 6447K, capacity 7256K, committed 7424K, reserved 1056768K
  class space    used 613K, capacity 656K, committed 768K, reserved 1048576K
}
Event: 22.061 GC heap before
{Heap before GC invocations=11 (full 2):
 PSYoungGen      total 142848K, used 128512K [0x00000000eab00000, 0x00000000f4c00000, 0x0000000100000000)
  eden space 128512K, 100% used [0x00000000eab00000,0x00000000f2880000,0x00000000f2880000)
  from space 14336K, 0% used [0x00000000f3900000,0x00000000f3900000,0x00000000f4700000)
  to   space 16896K, 0% used [0x00000000f2880000,0x00000000f2880000,0x00000000f3900000)
 ParOldGen       total 250368K, used 155315K [0x00000000c0000000, 0x00000000cf480000, 0x00000000eab00000)
  object space 250368K, 62% used [0x00000000c0000000,0x00000000c97ace18,0x00000000cf480000)
 Metaspace       used 6466K, capacity 7256K, committed 7424K, reserved 1056768K
  class space    used 614K, capacity 656K, committed 768K, reserved 1048576K
Event: 22.156 GC heap after
Heap after GC invocations=11 (full 2):
 PSYoungGen      total 145408K, used 16871K [0x00000000eab00000, 0x00000000f4c00000, 0x0000000100000000)
  eden space 128512K, 0% used [0x00000000eab00000,0x00000000eab00000,0x00000000f2880000)
  from space 16896K, 99% used [0x00000000f2880000,0x00000000f38f9fe0,0x00000000f3900000)
  to   space 14336K, 0% used [0x00000000f3900000,0x00000000f3900000,0x00000000f4700000)
 ParOldGen       total 250368K, used 172092K [0x00000000c0000000, 0x00000000cf480000, 0x00000000eab00000)
  object space 250368K, 68% used [0x00000000c0000000,0x00000000ca80f368,0x00000000cf480000)
 Metaspace       used 6466K, capacity 7256K, committed 7424K, reserved 1056768K
  class space    used 614K, capacity 656K, committed 768K, reserved 1048576K
}
Event: 22.455 GC heap before
{Heap before GC invocations=12 (full 2):
 PSYoungGen      total 145408K, used 145383K [0x00000000eab00000, 0x00000000f4c00000, 0x0000000100000000)
  eden space 128512K, 100% used [0x00000000eab00000,0x00000000f2880000,0x00000000f2880000)
  from space 16896K, 99% used [0x00000000f2880000,0x00000000f38f9fe0,0x00000000f3900000)
  to   space 14336K, 0% used [0x00000000f3900000,0x00000000f3900000,0x00000000f4700000)
 ParOldGen       total 250368K, used 172092K [0x00000000c0000000, 0x00000000cf480000, 0x00000000eab00000)
  object space 250368K, 68% used [0x00000000c0000000,0x00000000ca80f368,0x00000000cf480000)
 Metaspace       used 6474K, capacity 7256K, committed 7424K, reserved 1056768K
  class space    used 614K, capacity 656K, committed 768K, reserved 1048576K
Event: 22.679 GC heap after
Heap after GC invocations=12 (full 2):
 PSYoungGen      total 142848K, used 14319K [0x00000000eab00000, 0x00000000f4c00000, 0x0000000100000000)
  eden space 128512K, 0% used [0x00000000eab00000,0x00000000eab00000,0x00000000f2880000)
  from space 14336K, 99% used [0x00000000f3900000,0x00000000f46fbc08,0x00000000f4700000)
  to   space 16896K, 0% used [0x00000000f2880000,0x00000000f2880000,0x00000000f3900000)
 ParOldGen       total 250368K, used 220445K [0x00000000c0000000, 0x00000000cf480000, 0x00000000eab00000)
  object space 250368K, 88% used [0x00000000c0000000,0x00000000cd747790,0x00000000cf480000)
 Metaspace       used 6474K, capacity 7256K, committed 7424K, reserved 1056768K
  class space    used 614K, capacity 656K, committed 768K, reserved 1048576K
}
Event: 22.679 GC heap before
{Heap before GC invocations=13 (full 3):
 PSYoungGen      total 142848K, used 14319K [0x00000000eab00000, 0x00000000f4c00000, 0x0000000100000000)
  eden space 128512K, 0% used [0x00000000eab00000,0x00000000eab00000,0x00000000f2880000)
  from space 14336K, 99% used [0x00000000f3900000,0x00000000f46fbc08,0x00000000f4700000)
  to   space 16896K, 0% used [0x00000000f2880000,0x00000000f2880000,0x00000000f3900000)
 ParOldGen       total 250368K, used 220445K [0x00000000c0000000, 0x00000000cf480000, 0x00000000eab00000)
  object space 250368K, 88% used [0x00000000c0000000,0x00000000cd747790,0x00000000cf480000)
 Metaspace       used 6474K, capacity 7256K, committed 7424K, reserved 1056768K
  class space    used 614K, capacity 656K, committed 768K, reserved 1048576K
Event: 23.148 GC heap after
Heap after GC invocations=13 (full 3):
 PSYoungGen      total 142848K, used 0K [0x00000000eab00000, 0x00000000f4c00000, 0x0000000100000000)
  eden space 128512K, 0% used [0x00000000eab00000,0x00000000eab00000,0x00000000f2880000)
  from space 14336K, 0% used [0x00000000f3900000,0x00000000f3900000,0x00000000f4700000)
  to   space 16896K, 0% used [0x00000000f2880000,0x00000000f2880000,0x00000000f3900000)
 ParOldGen       total 257024K, used 142779K [0x00000000c0000000, 0x00000000cfb00000, 0x00000000eab00000)
  object space 257024K, 55% used [0x00000000c0000000,0x00000000c8b6eee8,0x00000000cfb00000)
 Metaspace       used 6474K, capacity 7256K, committed 7424K, reserved 1056768K
  class space    used 614K, capacity 656K, committed 768K, reserved 1048576K
}

