# JRE version: Java(TM) SE Runtime Environment (8.0_20-b26) (build 1.8.0_20-b26)
# Java VM: Java HotSpot(TM) 64-Bit Server VM (25.20-b23 mixed mode windows-amd64 compressed oops)
Heap:
 PSYoungGen      total 196096K, used 54429K [0x00000000eab00000, 0x00000000fea00000, 0x0000000100000000)
  eden space 98304K, 1% used [0x00000000eab00000,0x00000000eaca46a8,0x00000000f0b00000)
  from space 97792K, 53% used [0x00000000f8a80000,0x00000000fbe03120,0x00000000fea00000)
  to   space 103936K, 0% used [0x00000000f0b00000,0x00000000f0b00000,0x00000000f7080000)
 ParOldGen       total 199680K, used 149792K [0x00000000c0000000, 0x00000000cc300000, 0x00000000eab00000)
  object space 199680K, 75% used [0x00000000c0000000,0x00000000c9248040,0x00000000cc300000)
 Metaspace       used 6463K, capacity 7256K, committed 7424K, reserved 1056768K
  class space    used 614K, capacity 656K, committed 768K, reserved 1048576K
GC Heap History (10 events):
Event: 56.244 GC heap before
{Heap before GC invocations=14 (full 3):
 PSYoungGen      total 148992K, used 145023K [0x00000000eab00000, 0x00000000f7f80000, 0x0000000100000000)
  eden space 100864K, 100% used [0x00000000eab00000,0x00000000f0d80000,0x00000000f0d80000)
  from space 48128K, 91% used [0x00000000f5080000,0x00000000f7b9fe28,0x00000000f7f80000)
  to   space 58368K, 0% used [0x00000000f0d80000,0x00000000f0d80000,0x00000000f4680000)
 ParOldGen       total 167936K, used 114708K [0x00000000c0000000, 0x00000000ca400000, 0x00000000eab00000)
  object space 167936K, 68% used [0x00000000c0000000,0x00000000c7005280,0x00000000ca400000)
 Metaspace       used 6461K, capacity 7256K, committed 7424K, reserved 1056768K
  class space    used 614K, capacity 656K, committed 768K, reserved 1048576K
Event: 56.869 GC heap after
Heap after GC invocations=14 (full 3):
 PSYoungGen      total 159232K, used 58338K [0x00000000eab00000, 0x00000000fb880000, 0x0000000100000000)
  eden space 100864K, 0% used [0x00000000eab00000,0x00000000eab00000,0x00000000f0d80000)
  from space 58368K, 99% used [0x00000000f0d80000,0x00000000f4678970,0x00000000f4680000)
  to   space 73728K, 0% used [0x00000000f7080000,0x00000000f7080000,0x00000000fb880000)
 ParOldGen       total 167936K, used 129248K [0x00000000c0000000, 0x00000000ca400000, 0x00000000eab00000)
  object space 167936K, 76% used [0x00000000c0000000,0x00000000c7e38380,0x00000000ca400000)
 Metaspace       used 6461K, capacity 7256K, committed 7424K, reserved 1056768K
  class space    used 614K, capacity 656K, committed 768K, reserved 1048576K
}
Event: 57.397 GC heap before
{Heap before GC invocations=15 (full 3):
 PSYoungGen      total 159232K, used 159202K [0x00000000eab00000, 0x00000000fb880000, 0x0000000100000000)
  eden space 100864K, 100% used [0x00000000eab00000,0x00000000f0d80000,0x00000000f0d80000)
  from space 58368K, 99% used [0x00000000f0d80000,0x00000000f4678970,0x00000000f4680000)
  to   space 73728K, 0% used [0x00000000f7080000,0x00000000f7080000,0x00000000fb880000)
 ParOldGen       total 167936K, used 129248K [0x00000000c0000000, 0x00000000ca400000, 0x00000000eab00000)
  object space 167936K, 76% used [0x00000000c0000000,0x00000000c7e38380,0x00000000ca400000)
 Metaspace       used 6461K, capacity 7256K, committed 7424K, reserved 1056768K
  class space    used 614K, capacity 656K, committed 768K, reserved 1048576K
Event: 58.134 GC heap after
Heap after GC invocations=15 (full 3):
 PSYoungGen      total 172032K, used 73703K [0x00000000eab00000, 0x00000000ff780000, 0x0000000100000000)
  eden space 98304K, 0% used [0x00000000eab00000,0x00000000eab00000,0x00000000f0b00000)
  from space 73728K, 99% used [0x00000000f7080000,0x00000000fb879dc0,0x00000000fb880000)
  to   space 103936K, 0% used [0x00000000f0b00000,0x00000000f0b00000,0x00000000f7080000)
 ParOldGen       total 176128K, used 176038K [0x00000000c0000000, 0x00000000cac00000, 0x00000000eab00000)
  object space 176128K, 99% used [0x00000000c0000000,0x00000000cabe9848,0x00000000cac00000)
 Metaspace       used 6461K, capacity 7256K, committed 7424K, reserved 1056768K
  class space    used 614K, capacity 656K, committed 768K, reserved 1048576K
}
Event: 58.134 GC heap before
{Heap before GC invocations=16 (full 4):
 PSYoungGen      total 172032K, used 73703K [0x00000000eab00000, 0x00000000ff780000, 0x0000000100000000)
  eden space 98304K, 0% used [0x00000000eab00000,0x00000000eab00000,0x00000000f0b00000)
  from space 73728K, 99% used [0x00000000f7080000,0x00000000fb879dc0,0x00000000fb880000)
  to   space 103936K, 0% used [0x00000000f0b00000,0x00000000f0b00000,0x00000000f7080000)
 ParOldGen       total 176128K, used 176038K [0x00000000c0000000, 0x00000000cac00000, 0x00000000eab00000)
  object space 176128K, 99% used [0x00000000c0000000,0x00000000cabe9848,0x00000000cac00000)
 Metaspace       used 6461K, capacity 7256K, committed 7424K, reserved 1056768K
  class space    used 614K, capacity 656K, committed 768K, reserved 1048576K
Event: 58.888 GC heap after
Heap after GC invocations=16 (full 4):
 PSYoungGen      total 172032K, used 0K [0x00000000eab00000, 0x00000000ff780000, 0x0000000100000000)
  eden space 98304K, 0% used [0x00000000eab00000,0x00000000eab00000,0x00000000f0b00000)
  from space 73728K, 0% used [0x00000000f7080000,0x00000000f7080000,0x00000000fb880000)
  to   space 103936K, 0% used [0x00000000f0b00000,0x00000000f0b00000,0x00000000f7080000)
 ParOldGen       total 199680K, used 115967K [0x00000000c0000000, 0x00000000cc300000, 0x00000000eab00000)
  object space 199680K, 58% used [0x00000000c0000000,0x00000000c713fea8,0x00000000cc300000)
 Metaspace       used 6461K, capacity 7256K, committed 7424K, reserved 1056768K
  class space    used 614K, capacity 656K, committed 768K, reserved 1048576K
}
Event: 59.195 GC heap before
{Heap before GC invocations=17 (full 4):
 PSYoungGen      total 172032K, used 98304K [0x00000000eab00000, 0x00000000ff780000, 0x0000000100000000)
  eden space 98304K, 100% used [0x00000000eab00000,0x00000000f0b00000,0x00000000f0b00000)
  from space 73728K, 0% used [0x00000000f7080000,0x00000000f7080000,0x00000000fb880000)
  to   space 103936K, 0% used [0x00000000f0b00000,0x00000000f0b00000,0x00000000f7080000)
 ParOldGen       total 199680K, used 115967K [0x00000000c0000000, 0x00000000cc300000, 0x00000000eab00000)
  object space 199680K, 58% used [0x00000000c0000000,0x00000000c713fea8,0x00000000cc300000)
 Metaspace       used 6463K, capacity 7256K, committed 7424K, reserved 1056768K
  class space    used 614K, capacity 656K, committed 768K, reserved 1048576K
Event: 59.780 GC heap after
Heap after GC invocations=17 (full 4):
 PSYoungGen      total 202240K, used 33292K [0x00000000eab00000, 0x00000000fea00000, 0x0000000100000000)
  eden space 98304K, 0% used [0x00000000eab00000,0x00000000eab00000,0x00000000f0b00000)
  from space 103936K, 32% used [0x00000000f0b00000,0x00000000f2b83000,0x00000000f7080000)
  to   space 97792K, 0% used [0x00000000f8a80000,0x00000000f8a80000,0x00000000fea00000)
 ParOldGen       total 199680K, used 115967K [0x00000000c0000000, 0x00000000cc300000, 0x00000000eab00000)
  object space 199680K, 58% used [0x00000000c0000000,0x00000000c713fea8,0x00000000cc300000)
 Metaspace       used 6463K, capacity 7256K, committed 7424K, reserved 1056768K
  class space    used 614K, capacity 656K, committed 768K, reserved 1048576K
}
Event: 60.024 GC heap before
{Heap before GC invocations=18 (full 4):
 PSYoungGen      total 202240K, used 131596K [0x00000000eab00000, 0x00000000fea00000, 0x0000000100000000)
  eden space 98304K, 100% used [0x00000000eab00000,0x00000000f0b00000,0x00000000f0b00000)
  from space 103936K, 32% used [0x00000000f0b00000,0x00000000f2b83000,0x00000000f7080000)
  to   space 97792K, 0% used [0x00000000f8a80000,0x00000000f8a80000,0x00000000fea00000)
 ParOldGen       total 199680K, used 115967K [0x00000000c0000000, 0x00000000cc300000, 0x00000000eab00000)
  object space 199680K, 58% used [0x00000000c0000000,0x00000000c713fea8,0x00000000cc300000)
 Metaspace       used 6463K, capacity 7256K, committed 7424K, reserved 1056768K
  class space    used 614K, capacity 656K, committed 768K, reserved 1048576K
Event: 61.821 GC heap after
Heap after GC invocations=18 (full 4):
 PSYoungGen      total 196096K, used 52748K [0x00000000eab00000, 0x00000000fea00000, 0x0000000100000000)
  eden space 98304K, 0% used [0x00000000eab00000,0x00000000eab00000,0x00000000f0b00000)
  from space 97792K, 53% used [0x00000000f8a80000,0x00000000fbe03120,0x00000000fea00000)
  to   space 103936K, 0% used [0x00000000f0b00000,0x00000000f0b00000,0x00000000f7080000)
 ParOldGen       total 199680K, used 149792K [0x00000000c0000000, 0x00000000cc300000, 0x00000000eab00000)
  object space 199680K, 75% used [0x00000000c0000000,0x00000000c9248040,0x00000000cc300000)
 Metaspace       used 6463K, capacity 7256K, committed 7424K, reserved 1056768K
  class space    used 614K, capacity 656K, committed 768K, reserved 1048576K
}

