# JRE version: Java(TM) SE Runtime Environment (8.0_20-b26) (build 1.8.0_20-b26)
# Java VM: Java HotSpot(TM) 64-Bit Server VM (25.20-b23 mixed mode windows-amd64 compressed oops)
Heap:
 PSYoungGen      total 143872K, used 19933K [0x00000000eab00000, 0x00000000fa680000, 0x0000000100000000)
  eden space 109056K, 5% used [0x00000000eab00000,0x00000000eb15c578,0x00000000f1580000)
  from space 34816K, 38% used [0x00000000f1580000,0x00000000f229b170,0x00000000f3780000)
  to   space 32256K, 0% used [0x00000000f8700000,0x00000000f8700000,0x00000000fa680000)
 ParOldGen       total 78848K, used 20912K [0x00000000c0000000, 0x00000000c4d00000, 0x00000000eab00000)
  object space 78848K, 26% used [0x00000000c0000000,0x00000000c146c330,0x00000000c4d00000)
 Metaspace       used 4681K, capacity 5494K, committed 5632K, reserved 1056768K
  class space    used 491K, capacity 494K, committed 512K, reserved 1048576K
GC Heap History (10 events):
Event: 0.570 GC heap before
{Heap before GC invocations=4 (full 1):
 PSYoungGen      total 35328K, used 2540K [0x00000000eab00000, 0x00000000ef000000, 0x0000000100000000)
  eden space 32768K, 0% used [0x00000000eab00000,0x00000000eab00000,0x00000000ecb00000)
  from space 2560K, 99% used [0x00000000ecb00000,0x00000000ecd7b028,0x00000000ecd80000)
  to   space 2560K, 0% used [0x00000000eed80000,0x00000000eed80000,0x00000000ef000000)
 ParOldGen       total 53760K, used 45570K [0x00000000c0000000, 0x00000000c3480000, 0x00000000eab00000)
  object space 53760K, 84% used [0x00000000c0000000,0x00000000c2c80a10,0x00000000c3480000)
 Metaspace       used 3793K, capacity 4944K, committed 5120K, reserved 1056768K
  class space    used 406K, capacity 456K, committed 512K, reserved 1048576K
Event: 0.578 GC heap after
Heap after GC invocations=4 (full 1):
 PSYoungGen      total 35328K, used 0K [0x00000000eab00000, 0x00000000ef000000, 0x0000000100000000)
  eden space 32768K, 0% used [0x00000000eab00000,0x00000000eab00000,0x00000000ecb00000)
  from space 2560K, 0% used [0x00000000ecb00000,0x00000000ecb00000,0x00000000ecd80000)
  to   space 2560K, 0% used [0x00000000eed80000,0x00000000eed80000,0x00000000ef000000)
 ParOldGen       total 78848K, used 19368K [0x00000000c0000000, 0x00000000c4d00000, 0x00000000eab00000)
  object space 78848K, 24% used [0x00000000c0000000,0x00000000c12ea3a8,0x00000000c4d00000)
 Metaspace       used 3793K, capacity 4944K, committed 5120K, reserved 1056768K
  class space    used 406K, capacity 456K, committed 512K, reserved 1048576K
}
Event: 0.845 GC heap before
{Heap before GC invocations=5 (full 1):
 PSYoungGen      total 35328K, used 32768K [0x00000000eab00000, 0x00000000ef000000, 0x0000000100000000)
  eden space 32768K, 100% used [0x00000000eab00000,0x00000000ecb00000,0x00000000ecb00000)
  from space 2560K, 0% used [0x00000000ecb00000,0x00000000ecb00000,0x00000000ecd80000)
  to   space 2560K, 0% used [0x00000000eed80000,0x00000000eed80000,0x00000000ef000000)
 ParOldGen       total 78848K, used 19368K [0x00000000c0000000, 0x00000000c4d00000, 0x00000000eab00000)
  object space 78848K, 24% used [0x00000000c0000000,0x00000000c12ea3a8,0x00000000c4d00000)
 Metaspace       used 3898K, capacity 5008K, committed 5120K, reserved 1056768K
  class space    used 412K, capacity 456K, committed 512K, reserved 1048576K
Event: 0.849 GC heap after
Heap after GC invocations=5 (full 1):
 PSYoungGen      total 59392K, used 928K [0x00000000eab00000, 0x00000000eee80000, 0x0000000100000000)
  eden space 58368K, 0% used [0x00000000eab00000,0x00000000eab00000,0x00000000ee400000)
  from space 1024K, 90% used [0x00000000eed80000,0x00000000eee68000,0x00000000eee80000)
  to   space 2560K, 0% used [0x00000000ee980000,0x00000000ee980000,0x00000000eec00000)
 ParOldGen       total 78848K, used 19376K [0x00000000c0000000, 0x00000000c4d00000, 0x00000000eab00000)
  object space 78848K, 24% used [0x00000000c0000000,0x00000000c12ec3a8,0x00000000c4d00000)
 Metaspace       used 3898K, capacity 5008K, committed 5120K, reserved 1056768K
  class space    used 412K, capacity 456K, committed 512K, reserved 1048576K
}
Event: 1.594 GC heap before
{Heap before GC invocations=6 (full 1):
 PSYoungGen      total 59392K, used 59296K [0x00000000eab00000, 0x00000000eee80000, 0x0000000100000000)
  eden space 58368K, 100% used [0x00000000eab00000,0x00000000ee400000,0x00000000ee400000)
  from space 1024K, 90% used [0x00000000eed80000,0x00000000eee68000,0x00000000eee80000)
  to   space 2560K, 0% used [0x00000000ee980000,0x00000000ee980000,0x00000000eec00000)
 ParOldGen       total 78848K, used 19376K [0x00000000c0000000, 0x00000000c4d00000, 0x00000000eab00000)
  object space 78848K, 24% used [0x00000000c0000000,0x00000000c12ec3a8,0x00000000c4d00000)
 Metaspace       used 4419K, capacity 5424K, committed 5632K, reserved 1056768K
  class space    used 460K, capacity 488K, committed 512K, reserved 1048576K
Event: 1.658 GC heap after
Heap after GC invocations=6 (full 1):
 PSYoungGen      total 66560K, used 2558K [0x00000000eab00000, 0x00000000f5d00000, 0x0000000100000000)
  eden space 64000K, 0% used [0x00000000eab00000,0x00000000eab00000,0x00000000ee980000)
  from space 2560K, 99% used [0x00000000ee980000,0x00000000eebff9a8,0x00000000eec00000)
  to   space 38400K, 0% used [0x00000000f3780000,0x00000000f3780000,0x00000000f5d00000)
 ParOldGen       total 78848K, used 20912K [0x00000000c0000000, 0x00000000c4d00000, 0x00000000eab00000)
  object space 78848K, 26% used [0x00000000c0000000,0x00000000c146c330,0x00000000c4d00000)
 Metaspace       used 4419K, capacity 5424K, committed 5632K, reserved 1056768K
  class space    used 460K, capacity 488K, committed 512K, reserved 1048576K
}
Event: 2.375 GC heap before
{Heap before GC invocations=7 (full 1):
 PSYoungGen      total 66560K, used 66558K [0x00000000eab00000, 0x00000000f5d00000, 0x0000000100000000)
  eden space 64000K, 100% used [0x00000000eab00000,0x00000000ee980000,0x00000000ee980000)
  from space 2560K, 99% used [0x00000000ee980000,0x00000000eebff9a8,0x00000000eec00000)
  to   space 38400K, 0% used [0x00000000f3780000,0x00000000f3780000,0x00000000f5d00000)
 ParOldGen       total 78848K, used 20912K [0x00000000c0000000, 0x00000000c4d00000, 0x00000000eab00000)
  object space 78848K, 26% used [0x00000000c0000000,0x00000000c146c330,0x00000000c4d00000)
 Metaspace       used 4668K, capacity 5428K, committed 5632K, reserved 1056768K
  class space    used 490K, capacity 492K, committed 512K, reserved 1048576K
Event: 2.384 GC heap after
Heap after GC invocations=7 (full 1):
 PSYoungGen      total 147456K, used 10020K [0x00000000eab00000, 0x00000000f5d80000, 0x0000000100000000)
  eden space 109056K, 0% used [0x00000000eab00000,0x00000000eab00000,0x00000000f1580000)
  from space 38400K, 26% used [0x00000000f3780000,0x00000000f41493d0,0x00000000f5d00000)
  to   space 34816K, 0% used [0x00000000f1580000,0x00000000f1580000,0x00000000f3780000)
 ParOldGen       total 78848K, used 20912K [0x00000000c0000000, 0x00000000c4d00000, 0x00000000eab00000)
  object space 78848K, 26% used [0x00000000c0000000,0x00000000c146c330,0x00000000c4d00000)
 Metaspace       used 4668K, capacity 5428K, committed 5632K, reserved 1056768K
  class space    used 490K, capacity 492K, committed 512K, reserved 1048576K
}
Event: 2.757 GC heap before
{Heap before GC invocations=8 (full 1):
 PSYoungGen      total 147456K, used 119076K [0x00000000eab00000, 0x00000000f5d80000, 0x0000000100000000)
  eden space 109056K, 100% used [0x00000000eab00000,0x00000000f1580000,0x00000000f1580000)
  from space 38400K, 26% used [0x00000000f3780000,0x00000000f41493d0,0x00000000f5d00000)
  to   space 34816K, 0% used [0x00000000f1580000,0x00000000f1580000,0x00000000f3780000)
 ParOldGen       total 78848K, used 20912K [0x00000000c0000000, 0x00000000c4d00000, 0x00000000eab00000)
  object space 78848K, 26% used [0x00000000c0000000,0x00000000c146c330,0x00000000c4d00000)
 Metaspace       used 4681K, capacity 5494K, committed 5632K, reserved 1056768K
  class space    used 491K, capacity 494K, committed 512K, reserved 1048576K
Event: 2.776 GC heap after
Heap after GC invocations=8 (full 1):
 PSYoungGen      total 143872K, used 13420K [0x00000000eab00000, 0x00000000fa680000, 0x0000000100000000)
  eden space 109056K, 0% used [0x00000000eab00000,0x00000000eab00000,0x00000000f1580000)
  from space 34816K, 38% used [0x00000000f1580000,0x00000000f229b170,0x00000000f3780000)
  to   space 32256K, 0% used [0x00000000f8700000,0x00000000f8700000,0x00000000fa680000)
 ParOldGen       total 78848K, used 20912K [0x00000000c0000000, 0x00000000c4d00000, 0x00000000eab00000)
  object space 78848K, 26% used [0x00000000c0000000,0x00000000c146c330,0x00000000c4d00000)
 Metaspace       used 4681K, capacity 5494K, committed 5632K, reserved 1056768K
  class space    used 491K, capacity 494K, committed 512K, reserved 1048576K
}

