# JRE version: Java(TM) SE Runtime Environment (8.0_20-b26) (build 1.8.0_20-b26)
# Java VM: Java HotSpot(TM) 64-Bit Server VM (25.20-b23 mixed mode windows-amd64 compressed oops)
Heap:
 PSYoungGen      total 232960K, used 19732K [0x00000000eab00000, 0x0000000100000000, 0x0000000100000000)
  eden space 116736K, 16% used [0x00000000eab00000,0x00000000ebe45090,0x00000000f1d00000)
  from space 116224K, 0% used [0x00000000f8e80000,0x00000000f8e80000,0x0000000100000000)
  to   space 116224K, 0% used [0x00000000f1d00000,0x00000000f1d00000,0x00000000f8e80000)
 ParOldGen       total 333824K, used 179232K [0x00000000c0000000, 0x00000000d4600000, 0x00000000eab00000)
  object space 333824K, 53% used [0x00000000c0000000,0x00000000caf08138,0x00000000d4600000)
 Metaspace       used 6481K, capacity 7256K, committed 7424K, reserved 1056768K
  class space    used 614K, capacity 656K, committed 768K, reserved 1048576K
GC Heap History (10 events):
Event: 30.428 GC heap before
{Heap before GC invocations=14 (full 3):
 PSYoungGen      total 197120K, used 116736K [0x00000000eab00000, 0x0000000100000000, 0x0000000100000000)
  eden space 116736K, 100% used [0x00000000eab00000,0x00000000f1d00000,0x00000000f1d00000)
  from space 80384K, 0% used [0x00000000fb180000,0x00000000fb180000,0x0000000100000000)
  to   space 116224K, 0% used [0x00000000f1d00000,0x00000000f1d00000,0x00000000f8e80000)
 ParOldGen       total 317952K, used 190565K [0x00000000c0000000, 0x00000000d3680000, 0x00000000eab00000)
  object space 317952K, 59% used [0x00000000c0000000,0x00000000cba196f8,0x00000000d3680000)
 Metaspace       used 6472K, capacity 7256K, committed 7424K, reserved 1056768K
  class space    used 614K, capacity 656K, committed 768K, reserved 1048576K
Event: 30.689 GC heap after
Heap after GC invocations=14 (full 3):
 PSYoungGen      total 232960K, used 52117K [0x00000000eab00000, 0x0000000100000000, 0x0000000100000000)
  eden space 116736K, 0% used [0x00000000eab00000,0x00000000eab00000,0x00000000f1d00000)
  from space 116224K, 44% used [0x00000000f1d00000,0x00000000f4fe56a8,0x00000000f8e80000)
  to   space 113664K, 0% used [0x00000000f9100000,0x00000000f9100000,0x0000000100000000)
 ParOldGen       total 317952K, used 190565K [0x00000000c0000000, 0x00000000d3680000, 0x00000000eab00000)
  object space 317952K, 59% used [0x00000000c0000000,0x00000000cba196f8,0x00000000d3680000)
 Metaspace       used 6472K, capacity 7256K, committed 7424K, reserved 1056768K
  class space    used 614K, capacity 656K, committed 768K, reserved 1048576K
}
Event: 31.914 GC heap before
{Heap before GC invocations=15 (full 3):
 PSYoungGen      total 232960K, used 168853K [0x00000000eab00000, 0x0000000100000000, 0x0000000100000000)
  eden space 116736K, 100% used [0x00000000eab00000,0x00000000f1d00000,0x00000000f1d00000)
  from space 116224K, 44% used [0x00000000f1d00000,0x00000000f4fe56a8,0x00000000f8e80000)
  to   space 113664K, 0% used [0x00000000f9100000,0x00000000f9100000,0x0000000100000000)
 ParOldGen       total 317952K, used 190565K [0x00000000c0000000, 0x00000000d3680000, 0x00000000eab00000)
  object space 317952K, 59% used [0x00000000c0000000,0x00000000cba196f8,0x00000000d3680000)
 Metaspace       used 6476K, capacity 7256K, committed 7424K, reserved 1056768K
  class space    used 614K, capacity 656K, committed 768K, reserved 1048576K
Event: 32.954 GC heap after
Heap after GC invocations=15 (full 3):
 PSYoungGen      total 230400K, used 95473K [0x00000000eab00000, 0x0000000100000000, 0x0000000100000000)
  eden space 116736K, 0% used [0x00000000eab00000,0x00000000eab00000,0x00000000f1d00000)
  from space 113664K, 83% used [0x00000000f9100000,0x00000000fee3c728,0x0000000100000000)
  to   space 116224K, 0% used [0x00000000f1d00000,0x00000000f1d00000,0x00000000f8e80000)
 ParOldGen       total 317952K, used 190565K [0x00000000c0000000, 0x00000000d3680000, 0x00000000eab00000)
  object space 317952K, 59% used [0x00000000c0000000,0x00000000cba196f8,0x00000000d3680000)
 Metaspace       used 6476K, capacity 7256K, committed 7424K, reserved 1056768K
  class space    used 614K, capacity 656K, committed 768K, reserved 1048576K
}
Event: 33.496 GC heap before
{Heap before GC invocations=16 (full 3):
 PSYoungGen      total 230400K, used 212209K [0x00000000eab00000, 0x0000000100000000, 0x0000000100000000)
  eden space 116736K, 100% used [0x00000000eab00000,0x00000000f1d00000,0x00000000f1d00000)
  from space 113664K, 83% used [0x00000000f9100000,0x00000000fee3c728,0x0000000100000000)
  to   space 116224K, 0% used [0x00000000f1d00000,0x00000000f1d00000,0x00000000f8e80000)
 ParOldGen       total 317952K, used 190565K [0x00000000c0000000, 0x00000000d3680000, 0x00000000eab00000)
  object space 317952K, 59% used [0x00000000c0000000,0x00000000cba196f8,0x00000000d3680000)
 Metaspace       used 6479K, capacity 7256K, committed 7424K, reserved 1056768K
  class space    used 614K, capacity 656K, committed 768K, reserved 1048576K
Event: 33.949 GC heap after
Heap after GC invocations=16 (full 3):
 PSYoungGen      total 232960K, used 116210K [0x00000000eab00000, 0x0000000100000000, 0x0000000100000000)
  eden space 116736K, 0% used [0x00000000eab00000,0x00000000eab00000,0x00000000f1d00000)
  from space 116224K, 99% used [0x00000000f1d00000,0x00000000f8e7cba8,0x00000000f8e80000)
  to   space 116224K, 0% used [0x00000000f8e80000,0x00000000f8e80000,0x0000000100000000)
 ParOldGen       total 317952K, used 201335K [0x00000000c0000000, 0x00000000d3680000, 0x00000000eab00000)
  object space 317952K, 63% used [0x00000000c0000000,0x00000000cc49dc60,0x00000000d3680000)
 Metaspace       used 6479K, capacity 7256K, committed 7424K, reserved 1056768K
  class space    used 614K, capacity 656K, committed 768K, reserved 1048576K
}
Event: 34.720 GC heap before
{Heap before GC invocations=17 (full 3):
 PSYoungGen      total 232960K, used 232946K [0x00000000eab00000, 0x0000000100000000, 0x0000000100000000)
  eden space 116736K, 100% used [0x00000000eab00000,0x00000000f1d00000,0x00000000f1d00000)
  from space 116224K, 99% used [0x00000000f1d00000,0x00000000f8e7cba8,0x00000000f8e80000)
  to   space 116224K, 0% used [0x00000000f8e80000,0x00000000f8e80000,0x0000000100000000)
 ParOldGen       total 317952K, used 201335K [0x00000000c0000000, 0x00000000d3680000, 0x00000000eab00000)
  object space 317952K, 63% used [0x00000000c0000000,0x00000000cc49dc60,0x00000000d3680000)
 Metaspace       used 6481K, capacity 7256K, committed 7424K, reserved 1056768K
  class space    used 614K, capacity 656K, committed 768K, reserved 1048576K
Event: 35.718 GC heap after
Heap after GC invocations=17 (full 3):
 PSYoungGen      total 232960K, used 48854K [0x00000000eab00000, 0x0000000100000000, 0x0000000100000000)
  eden space 116736K, 0% used [0x00000000eab00000,0x00000000eab00000,0x00000000f1d00000)
  from space 116224K, 42% used [0x00000000f8e80000,0x00000000fbe35bd0,0x0000000100000000)
  to   space 116224K, 0% used [0x00000000f1d00000,0x00000000f1d00000,0x00000000f8e80000)
 ParOldGen       total 317952K, used 258735K [0x00000000c0000000, 0x00000000d3680000, 0x00000000eab00000)
  object space 317952K, 81% used [0x00000000c0000000,0x00000000cfcabdc0,0x00000000d3680000)
 Metaspace       used 6481K, capacity 7256K, committed 7424K, reserved 1056768K
  class space    used 614K, capacity 656K, committed 768K, reserved 1048576K
}
Event: 35.718 GC heap before
{Heap before GC invocations=18 (full 4):
 PSYoungGen      total 232960K, used 48854K [0x00000000eab00000, 0x0000000100000000, 0x0000000100000000)
  eden space 116736K, 0% used [0x00000000eab00000,0x00000000eab00000,0x00000000f1d00000)
  from space 116224K, 42% used [0x00000000f8e80000,0x00000000fbe35bd0,0x0000000100000000)
  to   space 116224K, 0% used [0x00000000f1d00000,0x00000000f1d00000,0x00000000f8e80000)
 ParOldGen       total 317952K, used 258735K [0x00000000c0000000, 0x00000000d3680000, 0x00000000eab00000)
  object space 317952K, 81% used [0x00000000c0000000,0x00000000cfcabdc0,0x00000000d3680000)
 Metaspace       used 6481K, capacity 7256K, committed 7424K, reserved 1056768K
  class space    used 614K, capacity 656K, committed 768K, reserved 1048576K
Event: 37.246 GC heap after
Heap after GC invocations=18 (full 4):
 PSYoungGen      total 232960K, used 0K [0x00000000eab00000, 0x0000000100000000, 0x0000000100000000)
  eden space 116736K, 0% used [0x00000000eab00000,0x00000000eab00000,0x00000000f1d00000)
  from space 116224K, 0% used [0x00000000f8e80000,0x00000000f8e80000,0x0000000100000000)
  to   space 116224K, 0% used [0x00000000f1d00000,0x00000000f1d00000,0x00000000f8e80000)
 ParOldGen       total 333824K, used 179232K [0x00000000c0000000, 0x00000000d4600000, 0x00000000eab00000)
  object space 333824K, 53% used [0x00000000c0000000,0x00000000caf08138,0x00000000d4600000)
 Metaspace       used 6481K, capacity 7256K, committed 7424K, reserved 1056768K
  class space    used 614K, capacity 656K, committed 768K, reserved 1048576K
}

