# JRE version: Java(TM) SE Runtime Environment (8.0_20-b26) (build 1.8.0_20-b26)
# Java VM: Java HotSpot(TM) 64-Bit Server VM (25.20-b23 mixed mode windows-amd64 compressed oops)
Heap:
 PSYoungGen      total 214528K, used 97474K [0x00000000eab00000, 0x00000000ff300000, 0x0000000100000000)
  eden space 143872K, 18% used [0x00000000eab00000,0x00000000ec537838,0x00000000f3780000)
  from space 70656K, 99% used [0x00000000f6900000,0x00000000fadf9378,0x00000000fae00000)
  to   space 38912K, 0% used [0x00000000fcd00000,0x00000000fcd00000,0x00000000ff300000)
 ParOldGen       total 187392K, used 129585K [0x00000000c0000000, 0x00000000cb700000, 0x00000000eab00000)
  object space 187392K, 69% used [0x00000000c0000000,0x00000000c7e8c5b0,0x00000000cb700000)
 Metaspace       used 6476K, capacity 7256K, committed 7424K, reserved 1056768K
  class space    used 614K, capacity 656K, committed 768K, reserved 1048576K
GC Heap History (10 events):
Event: 20.101 GC heap before
{Heap before GC invocations=9 (full 2):
 PSYoungGen      total 145920K, used 143250K [0x00000000eab00000, 0x00000000ff300000, 0x0000000100000000)
  eden space 129024K, 100% used [0x00000000eab00000,0x00000000f2900000,0x00000000f2900000)
  from space 16896K, 84% used [0x00000000f2900000,0x00000000f36e4a88,0x00000000f3980000)
  to   space 38912K, 0% used [0x00000000fcd00000,0x00000000fcd00000,0x00000000ff300000)
 ParOldGen       total 58880K, used 58653K [0x00000000c0000000, 0x00000000c3980000, 0x00000000eab00000)
  object space 58880K, 99% used [0x00000000c0000000,0x00000000c39476e8,0x00000000c3980000)
 Metaspace       used 6467K, capacity 7256K, committed 7424K, reserved 1056768K
  class space    used 614K, capacity 656K, committed 768K, reserved 1048576K
Event: 21.795 GC heap after
Heap after GC invocations=9 (full 2):
 PSYoungGen      total 145920K, used 68528K [0x00000000eab00000, 0x00000000ff300000, 0x0000000100000000)
  eden space 129024K, 53% used [0x00000000eab00000,0x00000000eedec068,0x00000000f2900000)
  from space 16896K, 0% used [0x00000000f2900000,0x00000000f2900000,0x00000000f3980000)
  to   space 38912K, 0% used [0x00000000fcd00000,0x00000000fcd00000,0x00000000ff300000)
 ParOldGen       total 58880K, used 58857K [0x00000000c0000000, 0x00000000c3980000, 0x00000000eab00000)
  object space 58880K, 99% used [0x00000000c0000000,0x00000000c397a400,0x00000000c3980000)
 Metaspace       used 6467K, capacity 7256K, committed 7424K, reserved 1056768K
  class space    used 614K, capacity 656K, committed 768K, reserved 1048576K
}
Event: 22.152 GC heap before
{Heap before GC invocations=10 (full 3):
 PSYoungGen      total 145920K, used 129024K [0x00000000eab00000, 0x00000000ff300000, 0x0000000100000000)
  eden space 129024K, 100% used [0x00000000eab00000,0x00000000f2900000,0x00000000f2900000)
  from space 16896K, 0% used [0x00000000f2900000,0x00000000f2900000,0x00000000f3980000)
  to   space 38912K, 0% used [0x00000000fcd00000,0x00000000fcd00000,0x00000000ff300000)
 ParOldGen       total 58880K, used 58857K [0x00000000c0000000, 0x00000000c3980000, 0x00000000eab00000)
  object space 58880K, 99% used [0x00000000c0000000,0x00000000c397a400,0x00000000c3980000)
 Metaspace       used 6467K, capacity 7256K, committed 7424K, reserved 1056768K
  class space    used 614K, capacity 656K, committed 768K, reserved 1048576K
Event: 22.946 GC heap after
Heap after GC invocations=10 (full 3):
 PSYoungGen      total 145920K, used 41212K [0x00000000eab00000, 0x00000000ff300000, 0x0000000100000000)
  eden space 129024K, 31% used [0x00000000eab00000,0x00000000ed33f2a8,0x00000000f2900000)
  from space 16896K, 0% used [0x00000000f2900000,0x00000000f2900000,0x00000000f3980000)
  to   space 38912K, 0% used [0x00000000fcd00000,0x00000000fcd00000,0x00000000ff300000)
 ParOldGen       total 58880K, used 58787K [0x00000000c0000000, 0x00000000c3980000, 0x00000000eab00000)
  object space 58880K, 99% used [0x00000000c0000000,0x00000000c3968f40,0x00000000c3980000)
 Metaspace       used 6467K, capacity 7256K, committed 7424K, reserved 1056768K
  class space    used 614K, capacity 656K, committed 768K, reserved 1048576K
}
Event: 23.338 GC heap before
{Heap before GC invocations=11 (full 4):
 PSYoungGen      total 145920K, used 129024K [0x00000000eab00000, 0x00000000ff300000, 0x0000000100000000)
  eden space 129024K, 100% used [0x00000000eab00000,0x00000000f2900000,0x00000000f2900000)
  from space 16896K, 0% used [0x00000000f2900000,0x00000000f2900000,0x00000000f3980000)
  to   space 38912K, 0% used [0x00000000fcd00000,0x00000000fcd00000,0x00000000ff300000)
 ParOldGen       total 58880K, used 58787K [0x00000000c0000000, 0x00000000c3980000, 0x00000000eab00000)
  object space 58880K, 99% used [0x00000000c0000000,0x00000000c3968f40,0x00000000c3980000)
 Metaspace       used 6473K, capacity 7256K, committed 7424K, reserved 1056768K
  class space    used 614K, capacity 656K, committed 768K, reserved 1048576K
Event: 24.424 GC heap after
Heap after GC invocations=11 (full 4):
 PSYoungGen      total 145920K, used 70083K [0x00000000eab00000, 0x00000000ff300000, 0x0000000100000000)
  eden space 129024K, 54% used [0x00000000eab00000,0x00000000eef70f08,0x00000000f2900000)
  from space 16896K, 0% used [0x00000000f2900000,0x00000000f2900000,0x00000000f3980000)
  to   space 38912K, 0% used [0x00000000fcd00000,0x00000000fcd00000,0x00000000ff300000)
 ParOldGen       total 187392K, used 58411K [0x00000000c0000000, 0x00000000cb700000, 0x00000000eab00000)
  object space 187392K, 31% used [0x00000000c0000000,0x00000000c390af90,0x00000000cb700000)
 Metaspace       used 6473K, capacity 7256K, committed 7424K, reserved 1056768K
  class space    used 614K, capacity 656K, committed 768K, reserved 1048576K
}
Event: 24.613 GC heap before
{Heap before GC invocations=12 (full 4):
 PSYoungGen      total 145920K, used 129024K [0x00000000eab00000, 0x00000000ff300000, 0x0000000100000000)
  eden space 129024K, 100% used [0x00000000eab00000,0x00000000f2900000,0x00000000f2900000)
  from space 16896K, 0% used [0x00000000f2900000,0x00000000f2900000,0x00000000f3980000)
  to   space 38912K, 0% used [0x00000000fcd00000,0x00000000fcd00000,0x00000000ff300000)
 ParOldGen       total 187392K, used 58411K [0x00000000c0000000, 0x00000000cb700000, 0x00000000eab00000)
  object space 187392K, 31% used [0x00000000c0000000,0x00000000c390af90,0x00000000cb700000)
 Metaspace       used 6476K, capacity 7256K, committed 7424K, reserved 1056768K
  class space    used 614K, capacity 656K, committed 768K, reserved 1048576K
Event: 24.834 GC heap after
Heap after GC invocations=12 (full 4):
 PSYoungGen      total 182784K, used 38883K [0x00000000eab00000, 0x00000000ff300000, 0x0000000100000000)
  eden space 143872K, 0% used [0x00000000eab00000,0x00000000eab00000,0x00000000f3780000)
  from space 38912K, 99% used [0x00000000fcd00000,0x00000000ff2f8c90,0x00000000ff300000)
  to   space 70656K, 0% used [0x00000000f6900000,0x00000000f6900000,0x00000000fae00000)
 ParOldGen       total 187392K, used 112153K [0x00000000c0000000, 0x00000000cb700000, 0x00000000eab00000)
  object space 187392K, 59% used [0x00000000c0000000,0x00000000c6d86490,0x00000000cb700000)
 Metaspace       used 6476K, capacity 7256K, committed 7424K, reserved 1056768K
  class space    used 614K, capacity 656K, committed 768K, reserved 1048576K
}
Event: 25.297 GC heap before
{Heap before GC invocations=13 (full 4):
 PSYoungGen      total 182784K, used 182755K [0x00000000eab00000, 0x00000000ff300000, 0x0000000100000000)
  eden space 143872K, 100% used [0x00000000eab00000,0x00000000f3780000,0x00000000f3780000)
  from space 38912K, 99% used [0x00000000fcd00000,0x00000000ff2f8c90,0x00000000ff300000)
  to   space 70656K, 0% used [0x00000000f6900000,0x00000000f6900000,0x00000000fae00000)
 ParOldGen       total 187392K, used 112153K [0x00000000c0000000, 0x00000000cb700000, 0x00000000eab00000)
  object space 187392K, 59% used [0x00000000c0000000,0x00000000c6d86490,0x00000000cb700000)
 Metaspace       used 6476K, capacity 7256K, committed 7424K, reserved 1056768K
  class space    used 614K, capacity 656K, committed 768K, reserved 1048576K
Event: 25.808 GC heap after
Heap after GC invocations=13 (full 4):
 PSYoungGen      total 214528K, used 70628K [0x00000000eab00000, 0x00000000ff300000, 0x0000000100000000)
  eden space 143872K, 0% used [0x00000000eab00000,0x00000000eab00000,0x00000000f3780000)
  from space 70656K, 99% used [0x00000000f6900000,0x00000000fadf9378,0x00000000fae00000)
  to   space 38912K, 0% used [0x00000000fcd00000,0x00000000fcd00000,0x00000000ff300000)
 ParOldGen       total 187392K, used 129585K [0x00000000c0000000, 0x00000000cb700000, 0x00000000eab00000)
  object space 187392K, 69% used [0x00000000c0000000,0x00000000c7e8c5b0,0x00000000cb700000)
 Metaspace       used 6476K, capacity 7256K, committed 7424K, reserved 1056768K
  class space    used 614K, capacity 656K, committed 768K, reserved 1048576K
}

