# JRE version: Java(TM) SE Runtime Environment (8.0_20-b26) (build 1.8.0_20-b26)
# Java VM: Java HotSpot(TM) 64-Bit Server VM (25.20-b23 mixed mode windows-amd64 compressed oops)
Heap:
 PSYoungGen      total 239616K, used 180759K [0x00000000eab00000, 0x0000000100000000, 0x0000000100000000)
  eden space 128000K, 100% used [0x00000000eab00000,0x00000000f2800000,0x00000000f2800000)
  from space 111616K, 47% used [0x00000000f9300000,0x00000000fc685c60,0x0000000100000000)
  to   space 109568K, 0% used [0x00000000f2800000,0x00000000f2800000,0x00000000f9300000)
 ParOldGen       total 316416K, used 166373K [0x00000000c0000000, 0x00000000d3500000, 0x00000000eab00000)
  object space 316416K, 52% used [0x00000000c0000000,0x00000000ca2794e8,0x00000000d3500000)
 Metaspace       used 6462K, capacity 7256K, committed 7424K, reserved 1056768K
  class space    used 614K, capacity 656K, committed 768K, reserved 1048576K
GC Heap History (10 events):
Event: 32.048 GC heap before
{Heap before GC invocations=12 (full 3):
 PSYoungGen      total 142848K, used 128512K [0x00000000eab00000, 0x00000000f4c00000, 0x0000000100000000)
  eden space 128512K, 100% used [0x00000000eab00000,0x00000000f2880000,0x00000000f2880000)
  from space 14336K, 0% used [0x00000000f3900000,0x00000000f3900000,0x00000000f4700000)
  to   space 16896K, 0% used [0x00000000f2880000,0x00000000f2880000,0x00000000f3900000)
 ParOldGen       total 235520K, used 124751K [0x00000000c0000000, 0x00000000ce600000, 0x00000000eab00000)
  object space 235520K, 52% used [0x00000000c0000000,0x00000000c79d3fc8,0x00000000ce600000)
 Metaspace       used 6455K, capacity 7256K, committed 7424K, reserved 1056768K
  class space    used 614K, capacity 656K, committed 768K, reserved 1048576K
Event: 32.302 GC heap after
Heap after GC invocations=12 (full 3):
 PSYoungGen      total 145408K, used 16896K [0x00000000eab00000, 0x00000000fc480000, 0x0000000100000000)
  eden space 128512K, 0% used [0x00000000eab00000,0x00000000eab00000,0x00000000f2880000)
  from space 16896K, 100% used [0x00000000f2880000,0x00000000f3900000,0x00000000f3900000)
  to   space 74240K, 0% used [0x00000000f7c00000,0x00000000f7c00000,0x00000000fc480000)
 ParOldGen       total 235520K, used 167427K [0x00000000c0000000, 0x00000000ce600000, 0x00000000eab00000)
  object space 235520K, 71% used [0x00000000c0000000,0x00000000ca380d00,0x00000000ce600000)
 Metaspace       used 6455K, capacity 7256K, committed 7424K, reserved 1056768K
  class space    used 614K, capacity 656K, committed 768K, reserved 1048576K
}
Event: 33.073 GC heap before
{Heap before GC invocations=13 (full 3):
 PSYoungGen      total 145408K, used 145408K [0x00000000eab00000, 0x00000000fc480000, 0x0000000100000000)
  eden space 128512K, 100% used [0x00000000eab00000,0x00000000f2880000,0x00000000f2880000)
  from space 16896K, 100% used [0x00000000f2880000,0x00000000f3900000,0x00000000f3900000)
  to   space 74240K, 0% used [0x00000000f7c00000,0x00000000f7c00000,0x00000000fc480000)
 ParOldGen       total 235520K, used 167427K [0x00000000c0000000, 0x00000000ce600000, 0x00000000eab00000)
  object space 235520K, 71% used [0x00000000c0000000,0x00000000ca380d00,0x00000000ce600000)
 Metaspace       used 6460K, capacity 7256K, committed 7424K, reserved 1056768K
  class space    used 614K, capacity 656K, committed 768K, reserved 1048576K
Event: 33.276 GC heap after
Heap after GC invocations=13 (full 3):
 PSYoungGen      total 207872K, used 54429K [0x00000000eab00000, 0x00000000fd400000, 0x0000000100000000)
  eden space 133632K, 0% used [0x00000000eab00000,0x00000000eab00000,0x00000000f2d80000)
  from space 74240K, 73% used [0x00000000f7c00000,0x00000000fb127740,0x00000000fc480000)
  to   space 80384K, 0% used [0x00000000f2d80000,0x00000000f2d80000,0x00000000f7c00000)
 ParOldGen       total 235520K, used 169963K [0x00000000c0000000, 0x00000000ce600000, 0x00000000eab00000)
  object space 235520K, 72% used [0x00000000c0000000,0x00000000ca5fad00,0x00000000ce600000)
 Metaspace       used 6460K, capacity 7256K, committed 7424K, reserved 1056768K
  class space    used 614K, capacity 656K, committed 768K, reserved 1048576K
}
Event: 33.987 GC heap before
{Heap before GC invocations=14 (full 3):
 PSYoungGen      total 207872K, used 188061K [0x00000000eab00000, 0x00000000fd400000, 0x0000000100000000)
  eden space 133632K, 100% used [0x00000000eab00000,0x00000000f2d80000,0x00000000f2d80000)
  from space 74240K, 73% used [0x00000000f7c00000,0x00000000fb127740,0x00000000fc480000)
  to   space 80384K, 0% used [0x00000000f2d80000,0x00000000f2d80000,0x00000000f7c00000)
 ParOldGen       total 235520K, used 169963K [0x00000000c0000000, 0x00000000ce600000, 0x00000000eab00000)
  object space 235520K, 72% used [0x00000000c0000000,0x00000000ca5fad00,0x00000000ce600000)
 Metaspace       used 6460K, capacity 7256K, committed 7424K, reserved 1056768K
  class space    used 614K, capacity 656K, committed 768K, reserved 1048576K
Event: 34.880 GC heap after
Heap after GC invocations=14 (full 3):
 PSYoungGen      total 214016K, used 80364K [0x00000000eab00000, 0x0000000100000000, 0x0000000100000000)
  eden space 133632K, 0% used [0x00000000eab00000,0x00000000eab00000,0x00000000f2d80000)
  from space 80384K, 99% used [0x00000000f2d80000,0x00000000f7bfb258,0x00000000f7c00000)
  to   space 111616K, 0% used [0x00000000f9300000,0x00000000f9300000,0x0000000100000000)
 ParOldGen       total 235520K, used 217451K [0x00000000c0000000, 0x00000000ce600000, 0x00000000eab00000)
  object space 235520K, 92% used [0x00000000c0000000,0x00000000cd45afd8,0x00000000ce600000)
 Metaspace       used 6460K, capacity 7256K, committed 7424K, reserved 1056768K
  class space    used 614K, capacity 656K, committed 768K, reserved 1048576K
}
Event: 34.880 GC heap before
{Heap before GC invocations=15 (full 4):
 PSYoungGen      total 214016K, used 80364K [0x00000000eab00000, 0x0000000100000000, 0x0000000100000000)
  eden space 133632K, 0% used [0x00000000eab00000,0x00000000eab00000,0x00000000f2d80000)
  from space 80384K, 99% used [0x00000000f2d80000,0x00000000f7bfb258,0x00000000f7c00000)
  to   space 111616K, 0% used [0x00000000f9300000,0x00000000f9300000,0x0000000100000000)
 ParOldGen       total 235520K, used 217451K [0x00000000c0000000, 0x00000000ce600000, 0x00000000eab00000)
  object space 235520K, 92% used [0x00000000c0000000,0x00000000cd45afd8,0x00000000ce600000)
 Metaspace       used 6460K, capacity 7256K, committed 7424K, reserved 1056768K
  class space    used 614K, capacity 656K, committed 768K, reserved 1048576K
Event: 35.934 GC heap after
Heap after GC invocations=15 (full 4):
 PSYoungGen      total 214016K, used 0K [0x00000000eab00000, 0x0000000100000000, 0x0000000100000000)
  eden space 133632K, 0% used [0x00000000eab00000,0x00000000eab00000,0x00000000f2d80000)
  from space 80384K, 0% used [0x00000000f2d80000,0x00000000f2d80000,0x00000000f7c00000)
  to   space 111616K, 0% used [0x00000000f9300000,0x00000000f9300000,0x0000000100000000)
 ParOldGen       total 316416K, used 166373K [0x00000000c0000000, 0x00000000d3500000, 0x00000000eab00000)
  object space 316416K, 52% used [0x00000000c0000000,0x00000000ca2794e8,0x00000000d3500000)
 Metaspace       used 6460K, capacity 7256K, committed 7424K, reserved 1056768K
  class space    used 614K, capacity 656K, committed 768K, reserved 1048576K
}
Event: 36.274 GC heap before
{Heap before GC invocations=16 (full 4):
 PSYoungGen      total 214016K, used 133632K [0x00000000eab00000, 0x0000000100000000, 0x0000000100000000)
  eden space 133632K, 100% used [0x00000000eab00000,0x00000000f2d80000,0x00000000f2d80000)
  from space 80384K, 0% used [0x00000000f2d80000,0x00000000f2d80000,0x00000000f7c00000)
  to   space 111616K, 0% used [0x00000000f9300000,0x00000000f9300000,0x0000000100000000)
 ParOldGen       total 316416K, used 166373K [0x00000000c0000000, 0x00000000d3500000, 0x00000000eab00000)
  object space 316416K, 52% used [0x00000000c0000000,0x00000000ca2794e8,0x00000000d3500000)
 Metaspace       used 6460K, capacity 7256K, committed 7424K, reserved 1056768K
  class space    used 614K, capacity 656K, committed 768K, reserved 1048576K
Event: 36.350 GC heap after
Heap after GC invocations=16 (full 4):
 PSYoungGen      total 239616K, used 52759K [0x00000000eab00000, 0x0000000100000000, 0x0000000100000000)
  eden space 128000K, 0% used [0x00000000eab00000,0x00000000eab00000,0x00000000f2800000)
  from space 111616K, 47% used [0x00000000f9300000,0x00000000fc685c60,0x0000000100000000)
  to   space 109568K, 0% used [0x00000000f2800000,0x00000000f2800000,0x00000000f9300000)
 ParOldGen       total 316416K, used 166373K [0x00000000c0000000, 0x00000000d3500000, 0x00000000eab00000)
  object space 316416K, 52% used [0x00000000c0000000,0x00000000ca2794e8,0x00000000d3500000)
 Metaspace       used 6460K, capacity 7256K, committed 7424K, reserved 1056768K
  class space    used 614K, capacity 656K, committed 768K, reserved 1048576K
}

